<?xml version="1.0" encoding="UTF-8"?>
<testng-results skipped="0" failed="0" ignored="0" total="2" passed="2">
  <reporter-output>
  </reporter-output>
  <suite name="SmokeTesting" duration-ms="36297" started-at="2021-05-14T14:02:01Z" finished-at="2021-05-14T14:02:37Z">
    <groups>
    </groups>
    <test name="onChromeAndFireFox" duration-ms="36297" started-at="2021-05-14T14:02:01Z" finished-at="2021-05-14T14:02:37Z">
      <class name="BrokenImagesTest">
        <test-method status="PASS" signature="BrokenImagesTest()[pri:1, instance:BrokenImagesTest@44828f6b]" name="BrokenImagesTest" duration-ms="6146" started-at="2021-05-14T14:02:29Z" description="verify the images on Broken Images page" finished-at="2021-05-14T14:02:35Z">
          <reporter-output>
          </reporter-output>
        </test-method> <!-- BrokenImagesTest -->
      </class> <!-- BrokenImagesTest -->
      <class name="BasicAuthTest">
        <test-method status="PASS" signature="SetUp()[pri:0, instance:BasicAuthTest@2dbe250d]" name="SetUp" is-config="true" duration-ms="14815" started-at="2021-05-14T14:02:01Z" finished-at="2021-05-14T14:02:16Z">
          <reporter-output>
          </reporter-output>
        </test-method> <!-- SetUp -->
        <test-method status="PASS" signature="SetUp()[pri:0, instance:BrokenImagesTest@44828f6b]" name="SetUp" is-config="true" duration-ms="12763" started-at="2021-05-14T14:02:16Z" finished-at="2021-05-14T14:02:29Z">
          <reporter-output>
          </reporter-output>
        </test-method> <!-- SetUp -->
        <test-method status="PASS" signature="BasicAuthTest()[pri:1, instance:BasicAuthTest@2dbe250d]" name="BasicAuthTest" duration-ms="2250" started-at="2021-05-14T14:02:35Z" description="verify the Basic Auth" finished-at="2021-05-14T14:02:37Z">
          <reporter-output>
          </reporter-output>
        </test-method> <!-- BasicAuthTest -->
      </class> <!-- BasicAuthTest -->
    </test> <!-- onChromeAndFireFox -->
  </suite> <!-- SmokeTesting -->
</testng-results>
